Determining if the pthread_create exist failed with the following output:
Change Dir: /home/fxx/github_projects/Missle-Defense-Game/build/CMakeFiles/CMakeTmp

Run Build Command:"/home/fxx/anaconda3/bin/ninja" "cmTC_5460d"
[1/2] Building C object CMakeFiles/cmTC_5460d.dir/CheckSymbolExists.c.o
[2/2] Linking C executable cmTC_5460d
FAILED: cmTC_5460d 
: && /usr/bin/gcc-5   -rdynamic CMakeFiles/cmTC_5460d.dir/CheckSymbolExists.c.o  -o cmTC_5460d   && :
CMakeFiles/cmTC_5460d.dir/CheckSymbolExists.c.o: In function `main':
CheckSymbolExists.c:(.text+0x1b): undefined reference to `pthread_create'
collect2: error: ld returned 1 exit status
ninja: build stopped: subcommand failed.

File /home/fxx/github_projects/Missle-Defense-Game/build/CMakeFiles/CMakeTmp/CheckSymbolExists.c:
/* */
#include <pthread.h>

int main(int argc, char** argv)
{
  (void)argv;
#ifndef pthread_create
  return ((int*)(&pthread_create))[argc];
#else
  (void)argc;
  return 0;
#endif
}

Determining if the function pthread_create exists in the pthreads failed with the following output:
Change Dir: /home/fxx/github_projects/Missle-Defense-Game/build/CMakeFiles/CMakeTmp

Run Build Command:"/home/fxx/anaconda3/bin/ninja" "cmTC_5c2a8"
[1/2] Building C object CMakeFiles/cmTC_5c2a8.dir/CheckFunctionExists.c.o
[2/2] Linking C executable cmTC_5c2a8
FAILED: cmTC_5c2a8 
: && /usr/bin/gcc-5 -DCHECK_FUNCTION_EXISTS=pthread_create  -rdynamic CMakeFiles/cmTC_5c2a8.dir/CheckFunctionExists.c.o  -o cmTC_5c2a8  -lpthreads && :
/usr/bin/ld: cannot find -lpthreads
collect2: error: ld returned 1 exit status
ninja: build stopped: subcommand failed.


